<?xml version="1.0" encoding="UTF-8"?>
<!-- Generated by org.testng.reporters.JUnitXMLReporter -->
<testsuite hostname="DESKTOP-OKMTJM3" ignored="0" name="E-commerce" tests="4" failures="1" timestamp="03 Mar 2021 08:55:54 GMT" time="15.124" errors="0">
  <testcase name="testFailed" time="0.008" classname="project.testng">
    <failure type="java.lang.AssertionError" message="Executing Failed TestMethod">
      <![CDATA[java.lang.AssertionError: Executing Failed TestMethod
	at project.testng.testFailed(testng.java:146)
... Removed 26 stack frames]]>
    </failure>
  </testcase> <!-- testFailed -->
  <testcase name="testSkipped" time="0.001" classname="project.testng">
    <skipped/>
  </testcase> <!-- testSkipped -->
  <testcase name="testSuccessful" time="0.001" classname="project.testng"/>
  <testcase name="verifyflipkarthomepage" time="7.164" classname="project.testng"/>
</testsuite> <!-- E-commerce -->
